<?xml version="1.0" encoding="UTF-8"?>
<coverage generated="1773661225694" clover="3.2.0">
  <project timestamp="1773661225694" name="All files">
    <metrics statements="157" coveredstatements="157" conditionals="122" coveredconditionals="112" methods="37" coveredmethods="37" elements="316" coveredelements="306" complexity="0" loc="157" ncloc="157" packages="3" files="6" classes="6"/>
    <package name="components.admin">
      <metrics statements="69" coveredstatements="69" conditionals="70" coveredconditionals="64" methods="15" coveredmethods="15"/>
      <file name="DataTable.tsx" path="D:\final_project\F1-Dashboard\components\admin\DataTable.tsx">
        <metrics statements="32" coveredstatements="32" conditionals="49" coveredconditionals="43" methods="9" coveredmethods="9"/>
        <line num="9" count="1" type="stmt"/>
        <line num="10" count="1" type="stmt"/>
        <line num="29" count="9" type="stmt"/>
        <line num="37" count="14" type="stmt"/>
        <line num="38" count="14" type="stmt"/>
        <line num="40" count="14" type="stmt"/>
        <line num="41" count="6" type="stmt"/>
        <line num="42" count="5" type="cond" truecount="1" falsecount="1"/>
        <line num="44" count="5" type="cond" truecount="2" falsecount="0"/>
        <line num="45" count="1" type="cond" truecount="1" falsecount="1"/>
        <line num="47" count="4" type="stmt"/>
        <line num="48" count="4" type="stmt"/>
        <line num="52" count="14" type="stmt"/>
        <line num="53" count="32" type="cond" truecount="2" falsecount="0"/>
        <line num="55" count="18" type="stmt"/>
        <line num="56" count="18" type="stmt"/>
        <line num="58" count="18" type="cond" truecount="3" falsecount="1"/>
        <line num="59" count="18" type="cond" truecount="1" falsecount="1"/>
        <line num="61" count="18" type="stmt"/>
        <line num="62" count="18" type="cond" truecount="4" falsecount="0"/>
        <line num="63" count="13" type="stmt"/>
        <line num="64" count="5" type="cond" truecount="4" falsecount="0"/>
        <line num="65" count="3" type="stmt"/>
        <line num="67" count="2" type="stmt"/>
        <line num="70" count="18" type="cond" truecount="2" falsecount="0"/>
        <line num="73" count="14" type="cond" truecount="2" falsecount="0"/>
        <line num="81" count="13" type="cond" truecount="2" falsecount="0"/>
        <line num="96" count="22" type="stmt"/>
        <line num="103" count="6" type="cond" truecount="2" falsecount="0"/>
        <line num="121" count="36" type="stmt"/>
        <line num="127" count="1" type="stmt"/>
        <line num="130" count="66" type="stmt"/>
      </file>
      <file name="DeleteConfirmModal.tsx" path="D:\final_project\F1-Dashboard\components\admin\DeleteConfirmModal.tsx">
        <metrics statements="3" coveredstatements="3" conditionals="6" coveredconditionals="6" methods="1" coveredmethods="1"/>
        <line num="9" count="1" type="stmt"/>
        <line num="21" count="8" type="stmt"/>
        <line num="30" count="8" type="cond" truecount="2" falsecount="0"/>
      </file>
      <file name="ProtectedRoute.tsx" path="D:\final_project\F1-Dashboard\components\admin\ProtectedRoute.tsx">
        <metrics statements="13" coveredstatements="13" conditionals="8" coveredconditionals="8" methods="2" coveredmethods="2"/>
        <line num="10" count="1" type="stmt"/>
        <line num="11" count="1" type="stmt"/>
        <line num="12" count="1" type="stmt"/>
        <line num="13" count="1" type="stmt"/>
        <line num="19" count="6" type="stmt"/>
        <line num="20" count="6" type="stmt"/>
        <line num="21" count="6" type="stmt"/>
        <line num="23" count="6" type="stmt"/>
        <line num="25" count="6" type="cond" truecount="4" falsecount="0"/>
        <line num="26" count="2" type="stmt"/>
        <line num="31" count="6" type="cond" truecount="2" falsecount="0"/>
        <line num="43" count="4" type="cond" truecount="2" falsecount="0"/>
        <line num="44" count="2" type="stmt"/>
      </file>
      <file name="Sidebar.tsx" path="D:\final_project\F1-Dashboard\components\admin\Sidebar.tsx">
        <metrics statements="21" coveredstatements="21" conditionals="7" coveredconditionals="7" methods="3" coveredmethods="3"/>
        <line num="10" count="1" type="stmt"/>
        <line num="11" count="1" type="stmt"/>
        <line num="12" count="1" type="stmt"/>
        <line num="13" count="1" type="stmt"/>
        <line num="14" count="1" type="stmt"/>
        <line num="22" count="1" type="stmt"/>
        <line num="31" count="8" type="stmt"/>
        <line num="32" count="14" type="stmt"/>
        <line num="33" count="14" type="stmt"/>
        <line num="34" count="14" type="stmt"/>
        <line num="35" count="14" type="stmt"/>
        <line num="37" count="14" type="stmt"/>
        <line num="38" count="3" type="stmt"/>
        <line num="39" count="3" type="stmt"/>
        <line num="40" count="3" type="stmt"/>
        <line num="41" count="2" type="stmt"/>
        <line num="43" count="1" type="stmt"/>
        <line num="45" count="3" type="stmt"/>
        <line num="79" count="84" type="stmt"/>
        <line num="80" count="84" type="stmt"/>
        <line num="82" count="84" type="stmt"/>
      </file>
    </package>
    <package name="lib.api">
      <metrics statements="62" coveredstatements="62" conditionals="44" coveredconditionals="41" methods="18" coveredmethods="18"/>
      <file name="client.ts" path="D:\final_project\F1-Dashboard\lib\api\client.ts">
        <metrics statements="62" coveredstatements="62" conditionals="44" coveredconditionals="41" methods="18" coveredmethods="18"/>
        <line num="5" count="35" type="stmt"/>
        <line num="6" count="35" type="stmt"/>
        <line num="9" count="35" type="cond" truecount="1" falsecount="1"/>
        <line num="10" count="35" type="stmt"/>
        <line num="17" count="35" type="cond" truecount="4" falsecount="0"/>
        <line num="18" count="3" type="stmt"/>
        <line num="21" count="35" type="stmt"/>
        <line num="29" count="1" type="stmt"/>
        <line num="30" count="1" type="stmt"/>
        <line num="31" count="5" type="cond" truecount="2" falsecount="0"/>
        <line num="33" count="1" type="stmt"/>
        <line num="34" count="3" type="stmt"/>
        <line num="36" count="4" type="cond" truecount="4" falsecount="0"/>
        <line num="37" count="2" type="stmt"/>
        <line num="40" count="1" type="stmt"/>
        <line num="46" count="35" type="stmt"/>
        <line num="48" count="3" type="stmt"/>
        <line num="49" count="3" type="cond" truecount="4" falsecount="0"/>
        <line num="50" count="1" type="stmt"/>
        <line num="52" count="3" type="stmt"/>
        <line num="54" count="1" type="stmt"/>
        <line num="58" count="35" type="stmt"/>
        <line num="59" count="1" type="stmt"/>
        <line num="62" count="9" type="cond" truecount="4" falsecount="0"/>
        <line num="63" count="1" type="stmt"/>
        <line num="66" count="9" type="stmt"/>
        <line num="69" count="9" type="cond" truecount="2" falsecount="0"/>
        <line num="70" count="6" type="stmt"/>
        <line num="71" count="6" type="cond" truecount="3" falsecount="1"/>
        <line num="72" count="3" type="cond" truecount="1" falsecount="1"/>
        <line num="73" count="3" type="stmt"/>
        <line num="77" count="9" type="cond" truecount="4" falsecount="0"/>
        <line num="78" count="2" type="stmt"/>
        <line num="81" count="9" type="stmt"/>
        <line num="87" count="9" type="cond" truecount="4" falsecount="0"/>
        <line num="88" count="2" type="stmt"/>
        <line num="90" count="2" type="cond" truecount="2" falsecount="0"/>
        <line num="91" count="1" type="stmt"/>
        <line num="95" count="9" type="stmt"/>
        <line num="104" count="1" type="stmt"/>
        <line num="115" count="3" type="stmt"/>
        <line num="122" count="1" type="stmt"/>
        <line num="129" count="2" type="stmt"/>
        <line num="136" count="1" type="stmt"/>
        <line num="137" count="1" type="stmt"/>
        <line num="144" count="1" type="stmt"/>
        <line num="145" count="1" type="stmt"/>
        <line num="152" count="1" type="stmt"/>
        <line num="153" count="1" type="stmt"/>
        <line num="160" count="1" type="stmt"/>
        <line num="161" count="1" type="stmt"/>
        <line num="170" count="3" type="stmt"/>
        <line num="171" count="3" type="cond" truecount="2" falsecount="0"/>
        <line num="172" count="1" type="stmt"/>
        <line num="173" count="2" type="stmt"/>
        <line num="176" count="2" type="stmt"/>
        <line num="177" count="4" type="stmt"/>
        <line num="182" count="3" type="cond" truecount="4" falsecount="0"/>
        <line num="183" count="1" type="stmt"/>
        <line num="186" count="3" type="stmt"/>
        <line num="191" count="3" type="stmt"/>
        <line num="196" count="35" type="stmt"/>
      </file>
    </package>
    <package name="lib.hooks">
      <metrics statements="26" coveredstatements="26" conditionals="8" coveredconditionals="7" methods="4" coveredmethods="4"/>
      <file name="useAuth.tsx" path="D:\final_project\F1-Dashboard\lib\hooks\useAuth.tsx">
        <metrics statements="26" coveredstatements="26" conditionals="8" coveredconditionals="7" methods="4" coveredmethods="4"/>
        <line num="8" count="3" type="stmt"/>
        <line num="9" count="3" type="stmt"/>
        <line num="10" count="3" type="stmt"/>
        <line num="21" count="3" type="stmt"/>
        <line num="27" count="10" type="stmt"/>
        <line num="28" count="10" type="stmt"/>
        <line num="31" count="10" type="stmt"/>
        <line num="34" count="10" type="stmt"/>
        <line num="36" count="10" type="stmt"/>
        <line num="37" count="10" type="stmt"/>
        <line num="39" count="10" type="stmt"/>
        <line num="40" count="2" type="stmt"/>
        <line num="41" count="2" type="stmt"/>
        <line num="42" count="2" type="stmt"/>
        <line num="44" count="1" type="cond" truecount="1" falsecount="1"/>
        <line num="45" count="1" type="stmt"/>
        <line num="49" count="10" type="stmt"/>
        <line num="50" count="2" type="stmt"/>
        <line num="51" count="2" type="stmt"/>
        <line num="54" count="1" type="stmt"/>
        <line num="58" count="10" type="stmt"/>
        <line num="70" count="16" type="stmt"/>
        <line num="71" count="14" type="stmt"/>
        <line num="72" count="13" type="cond" truecount="2" falsecount="0"/>
        <line num="73" count="4" type="stmt"/>
        <line num="75" count="9" type="stmt"/>
      </file>
    </package>
  </project>
</coverage>
