{"D:\\final_project\\F1-Dashboard\\components\\admin\\DataTable.tsx": {"path":"D:\\final_project\\F1-Dashboard\\components\\admin\\DataTable.tsx","statementMap":{"0":{"start":{"line":29,"column":16},"end":{"line":29,"column":61}},"1":{"start":{"line":9,"column":25},"end":{"line":9,"column":null}},"2":{"start":{"line":10,"column":39},"end":{"line":10,"column":null}},"3":{"start":{"line":37,"column":38},"end":{"line":37,"column":null}},"4":{"start":{"line":38,"column":44},"end":{"line":38,"column":null}},"5":{"start":{"line":40,"column":21},"end":{"line":50,"column":null}},"6":{"start":{"line":41,"column":19},"end":{"line":41,"column":null}},"7":{"start":{"line":41,"column":39},"end":{"line":41,"column":null}},"8":{"start":{"line":42,"column":4},"end":{"line":42,"column":null}},"9":{"start":{"line":42,"column":27},"end":{"line":42,"column":null}},"10":{"start":{"line":44,"column":4},"end":{"line":49,"column":null}},"11":{"start":{"line":45,"column":6},"end":{"line":45,"column":null}},"12":{"start":{"line":47,"column":6},"end":{"line":47,"column":null}},"13":{"start":{"line":48,"column":6},"end":{"line":48,"column":null}},"14":{"start":{"line":52,"column":21},"end":{"line":71,"column":null}},"15":{"start":{"line":53,"column":4},"end":{"line":53,"column":null}},"16":{"start":{"line":53,"column":21},"end":{"line":53,"column":null}},"17":{"start":{"line":55,"column":19},"end":{"line":55,"column":32}},"18":{"start":{"line":56,"column":19},"end":{"line":56,"column":32}},"19":{"start":{"line":58,"column":4},"end":{"line":58,"column":null}},"20":{"start":{"line":58,"column":54},"end":{"line":58,"column":null}},"21":{"start":{"line":59,"column":4},"end":{"line":59,"column":null}},"22":{"start":{"line":59,"column":27},"end":{"line":59,"column":null}},"23":{"start":{"line":61,"column":21},"end":{"line":61,"column":null}},"24":{"start":{"line":62,"column":4},"end":{"line":68,"column":null}},"25":{"start":{"line":63,"column":6},"end":{"line":63,"column":null}},"26":{"start":{"line":64,"column":11},"end":{"line":68,"column":null}},"27":{"start":{"line":65,"column":6},"end":{"line":65,"column":null}},"28":{"start":{"line":67,"column":6},"end":{"line":67,"column":null}},"29":{"start":{"line":70,"column":4},"end":{"line":70,"column":null}},"30":{"start":{"line":73,"column":2},"end":{"line":79,"column":null}},"31":{"start":{"line":81,"column":2},"end":{"line":87,"column":null}},"32":{"start":{"line":96,"column":16},"end":{"line":97,"column":null}},"33":{"start":{"line":103,"column":33},"end":{"line":103,"column":null}},"34":{"start":{"line":121,"column":14},"end":{"line":122,"column":null}},"35":{"start":{"line":127,"column":31},"end":{"line":127,"column":null}},"36":{"start":{"line":130,"column":18},"end":{"line":131,"column":null}}},"fnMap":{"0":{"name":"DataTable","decl":{"start":{"line":29,"column":16},"end":{"line":29,"column":61}},"loc":{"start":{"line":36,"column":20},"end":{"line":144,"column":null}}},"1":{"name":"(anonymous_2)","decl":{"start":{"line":40,"column":21},"end":{"line":40,"column":22}},"loc":{"start":{"line":40,"column":22},"end":{"line":50,"column":null}}},"2":{"name":"(anonymous_3)","decl":{"start":{"line":41,"column":32},"end":{"line":41,"column":33}},"loc":{"start":{"line":41,"column":39},"end":{"line":41,"column":null}}},"3":{"name":"(anonymous_4)","decl":{"start":{"line":52,"column":36},"end":{"line":52,"column":37}},"loc":{"start":{"line":52,"column":40},"end":{"line":71,"column":null}}},"4":{"name":"(anonymous_5)","decl":{"start":{"line":95,"column":27},"end":{"line":95,"column":28}},"loc":{"start":{"line":96,"column":16},"end":{"line":97,"column":null}}},"5":{"name":"(anonymous_6)","decl":{"start":{"line":103,"column":27},"end":{"line":103,"column":33}},"loc":{"start":{"line":103,"column":33},"end":{"line":103,"column":null}}},"6":{"name":"(anonymous_7)","decl":{"start":{"line":120,"column":28},"end":{"line":120,"column":29}},"loc":{"start":{"line":121,"column":14},"end":{"line":122,"column":null}}},"7":{"name":"(anonymous_8)","decl":{"start":{"line":127,"column":25},"end":{"line":127,"column":31}},"loc":{"start":{"line":127,"column":31},"end":{"line":127,"column":null}}},"8":{"name":"(anonymous_9)","decl":{"start":{"line":129,"column":29},"end":{"line":129,"column":30}},"loc":{"start":{"line":130,"column":18},"end":{"line":131,"column":null}}}},"branchMap":{"0":{"loc":{"start":{"line":34,"column":2},"end":{"line":34,"column":36}},"type":"default-arg","locations":[{"start":{"line":34,"column":17},"end":{"line":34,"column":36}}]},"1":{"loc":{"start":{"line":35,"column":2},"end":{"line":35,"column":19}},"type":"default-arg","locations":[{"start":{"line":35,"column":14},"end":{"line":35,"column":19}}]},"2":{"loc":{"start":{"line":42,"column":4},"end":{"line":42,"column":null}},"type":"if","locations":[{"start":{"line":42,"column":4},"end":{"line":42,"column":null}},{"start":{},"end":{}}]},"3":{"loc":{"start":{"line":44,"column":4},"end":{"line":49,"column":null}},"type":"if","locations":[{"start":{"line":44,"column":4},"end":{"line":49,"column":null}},{"start":{"line":46,"column":11},"end":{"line":49,"column":null}}]},"4":{"loc":{"start":{"line":45,"column":23},"end":{"line":45,"column":null}},"type":"cond-expr","locations":[{"start":{"line":45,"column":49},"end":{"line":45,"column":58}},{"start":{"line":45,"column":58},"end":{"line":45,"column":null}}]},"5":{"loc":{"start":{"line":53,"column":4},"end":{"line":53,"column":null}},"type":"if","locations":[{"start":{"line":53,"column":4},"end":{"line":53,"column":null}},{"start":{},"end":{}}]},"6":{"loc":{"start":{"line":58,"column":4},"end":{"line":58,"column":null}},"type":"if","locations":[{"start":{"line":58,"column":4},"end":{"line":58,"column":null}},{"start":{},"end":{}}]},"7":{"loc":{"start":{"line":58,"column":8},"end":{"line":58,"column":54}},"type":"binary-expr","locations":[{"start":{"line":58,"column":8},"end":{"line":58,"column":32}},{"start":{"line":58,"column":32},"end":{"line":58,"column":54}}]},"8":{"loc":{"start":{"line":59,"column":4},"end":{"line":59,"column":null}},"type":"if","locations":[{"start":{"line":59,"column":4},"end":{"line":59,"column":null}},{"start":{},"end":{}}]},"9":{"loc":{"start":{"line":62,"column":4},"end":{"line":68,"column":null}},"type":"if","locations":[{"start":{"line":62,"column":4},"end":{"line":68,"column":null}},{"start":{"line":64,"column":11},"end":{"line":68,"column":null}}]},"10":{"loc":{"start":{"line":62,"column":8},"end":{"line":62,"column":66}},"type":"binary-expr","locations":[{"start":{"line":62,"column":8},"end":{"line":62,"column":38}},{"start":{"line":62,"column":38},"end":{"line":62,"column":66}}]},"11":{"loc":{"start":{"line":64,"column":11},"end":{"line":68,"column":null}},"type":"if","locations":[{"start":{"line":64,"column":11},"end":{"line":68,"column":null}},{"start":{"line":66,"column":11},"end":{"line":68,"column":null}}]},"12":{"loc":{"start":{"line":64,"column":15},"end":{"line":64,"column":73}},"type":"binary-expr","locations":[{"start":{"line":64,"column":15},"end":{"line":64,"column":45}},{"start":{"line":64,"column":45},"end":{"line":64,"column":73}}]},"13":{"loc":{"start":{"line":70,"column":11},"end":{"line":70,"column":null}},"type":"cond-expr","locations":[{"start":{"line":70,"column":37},"end":{"line":70,"column":50}},{"start":{"line":70,"column":50},"end":{"line":70,"column":null}}]},"14":{"loc":{"start":{"line":73,"column":2},"end":{"line":79,"column":null}},"type":"if","locations":[{"start":{"line":73,"column":2},"end":{"line":79,"column":null}},{"start":{},"end":{}}]},"15":{"loc":{"start":{"line":81,"column":2},"end":{"line":87,"column":null}},"type":"if","locations":[{"start":{"line":81,"column":2},"end":{"line":87,"column":null}},{"start":{},"end":{}}]},"16":{"loc":{"start":{"line":100,"column":22},"end":{"line":100,"column":79}},"type":"cond-expr","locations":[{"start":{"line":100,"column":40},"end":{"line":100,"column":76}},{"start":{"line":100,"column":76},"end":{"line":100,"column":79}}]},"17":{"loc":{"start":{"line":101,"column":22},"end":{"line":101,"column":45}},"type":"binary-expr","locations":[{"start":{"line":101,"column":22},"end":{"line":101,"column":38}},{"start":{"line":101,"column":42},"end":{"line":101,"column":45}}]},"18":{"loc":{"start":{"line":103,"column":33},"end":{"line":103,"column":null}},"type":"binary-expr","locations":[{"start":{"line":103,"column":33},"end":{"line":103,"column":48}},{"start":{"line":103,"column":52},"end":{"line":103,"column":null}}]},"19":{"loc":{"start":{"line":107,"column":21},"end":{"line":112,"column":null}},"type":"binary-expr","locations":[{"start":{"line":107,"column":21},"end":{"line":107,"column":36}},{"start":{"line":107,"column":40},"end":{"line":107,"column":65}},{"start":{"line":108,"column":22},"end":{"line":112,"column":null}}]},"20":{"loc":{"start":{"line":108,"column":22},"end":{"line":112,"column":null}},"type":"cond-expr","locations":[{"start":{"line":109,"column":24},"end":{"line":111,"column":25}},{"start":{"line":111,"column":24},"end":{"line":112,"column":null}}]},"21":{"loc":{"start":{"line":124,"column":20},"end":{"line":124,"column":75}},"type":"cond-expr","locations":[{"start":{"line":124,"column":33},"end":{"line":124,"column":72}},{"start":{"line":124,"column":72},"end":{"line":124,"column":75}}]},"22":{"loc":{"start":{"line":132,"column":84},"end":{"line":132,"column":107}},"type":"binary-expr","locations":[{"start":{"line":132,"column":84},"end":{"line":132,"column":100}},{"start":{"line":132,"column":104},"end":{"line":132,"column":107}}]},"23":{"loc":{"start":{"line":134,"column":21},"end":{"line":134,"column":null}},"type":"cond-expr","locations":[{"start":{"line":134,"column":37},"end":{"line":134,"column":59}},{"start":{"line":134,"column":59},"end":{"line":134,"column":null}}]},"24":{"loc":{"start":{"line":134,"column":66},"end":{"line":134,"column":null}},"type":"binary-expr","locations":[{"start":{"line":134,"column":66},"end":{"line":134,"column":82}},{"start":{"line":134,"column":86},"end":{"line":134,"column":null}}]}},"s":{"0":9,"1":1,"2":1,"3":14,"4":14,"5":14,"6":5,"7":6,"8":5,"9":0,"10":5,"11":1,"12":4,"13":4,"14":14,"15":32,"16":14,"17":18,"18":18,"19":18,"20":0,"21":18,"22":0,"23":18,"24":18,"25":13,"26":5,"27":3,"28":2,"29":18,"30":14,"31":13,"32":22,"33":6,"34":36,"35":1,"36":66},"f":{"0":14,"1":5,"2":6,"3":32,"4":22,"5":6,"6":36,"7":1,"8":66},"b":{"0":[13],"1":[13],"2":[0,5],"3":[1,4],"4":[1,0],"5":[14,18],"6":[0,18],"7":[18,18],"8":[0,18],"9":[13,5],"10":[18,14],"11":[3,2],"12":[5,4],"13":[14,4],"14":[1,13],"15":[1,12],"16":[21,1],"17":[22,22],"18":[6,5],"19":[22,21,5],"20":[4,1],"21":[3,33],"22":[66,66],"23":[0,66],"24":[66,0]}}
,"D:\\final_project\\F1-Dashboard\\components\\admin\\DeleteConfirmModal.tsx": {"path":"D:\\final_project\\F1-Dashboard\\components\\admin\\DeleteConfirmModal.tsx","statementMap":{"0":{"start":{"line":21,"column":16},"end":{"line":21,"column":35}},"1":{"start":{"line":9,"column":30},"end":{"line":9,"column":null}},"2":{"start":{"line":30,"column":2},"end":{"line":30,"column":null}},"3":{"start":{"line":30,"column":15},"end":{"line":30,"column":null}}},"fnMap":{"0":{"name":"DeleteConfirmModal","decl":{"start":{"line":21,"column":16},"end":{"line":21,"column":35}},"loc":{"start":{"line":29,"column":26},"end":{"line":90,"column":null}}}},"branchMap":{"0":{"loc":{"start":{"line":28,"column":2},"end":{"line":28,"column":20}},"type":"default-arg","locations":[{"start":{"line":28,"column":15},"end":{"line":28,"column":20}}]},"1":{"loc":{"start":{"line":30,"column":2},"end":{"line":30,"column":null}},"type":"if","locations":[{"start":{"line":30,"column":2},"end":{"line":30,"column":null}},{"start":{},"end":{}}]},"2":{"loc":{"start":{"line":52,"column":13},"end":{"line":52,"column":null}},"type":"binary-expr","locations":[{"start":{"line":52,"column":13},"end":{"line":52,"column":null}}]},"3":{"loc":{"start":{"line":84,"column":13},"end":{"line":84,"column":null}},"type":"cond-expr","locations":[{"start":{"line":84,"column":26},"end":{"line":84,"column":42}},{"start":{"line":84,"column":42},"end":{"line":84,"column":null}}]}},"s":{"0":8,"1":1,"2":8,"3":1},"f":{"0":8},"b":{"0":[6],"1":[1,7],"2":[7],"3":[1,6]}}
,"D:\\final_project\\F1-Dashboard\\components\\admin\\ProtectedRoute.tsx": {"path":"D:\\final_project\\F1-Dashboard\\components\\admin\\ProtectedRoute.tsx","statementMap":{"0":{"start":{"line":19,"column":16},"end":{"line":19,"column":31}},"1":{"start":{"line":10,"column":26},"end":{"line":10,"column":null}},"2":{"start":{"line":11,"column":26},"end":{"line":11,"column":null}},"3":{"start":{"line":12,"column":24},"end":{"line":12,"column":null}},"4":{"start":{"line":13,"column":25},"end":{"line":13,"column":null}},"5":{"start":{"line":20,"column":41},"end":{"line":20,"column":null}},"6":{"start":{"line":21,"column":17},"end":{"line":21,"column":null}},"7":{"start":{"line":23,"column":2},"end":{"line":28,"column":null}},"8":{"start":{"line":25,"column":4},"end":{"line":27,"column":null}},"9":{"start":{"line":26,"column":6},"end":{"line":26,"column":null}},"10":{"start":{"line":31,"column":2},"end":{"line":40,"column":null}},"11":{"start":{"line":43,"column":2},"end":{"line":45,"column":null}},"12":{"start":{"line":44,"column":4},"end":{"line":44,"column":null}}},"fnMap":{"0":{"name":"ProtectedRoute","decl":{"start":{"line":19,"column":16},"end":{"line":19,"column":31}},"loc":{"start":{"line":19,"column":64},"end":{"line":48,"column":null}}},"1":{"name":"(anonymous_2)","decl":{"start":{"line":23,"column":12},"end":{"line":23,"column":null}},"loc":{"start":{"line":23,"column":12},"end":{"line":28,"column":5}}}},"branchMap":{"0":{"loc":{"start":{"line":25,"column":4},"end":{"line":27,"column":null}},"type":"if","locations":[{"start":{"line":25,"column":4},"end":{"line":27,"column":null}},{"start":{},"end":{}}]},"1":{"loc":{"start":{"line":25,"column":8},"end":{"line":25,"column":40}},"type":"binary-expr","locations":[{"start":{"line":25,"column":8},"end":{"line":25,"column":22}},{"start":{"line":25,"column":22},"end":{"line":25,"column":40}}]},"2":{"loc":{"start":{"line":31,"column":2},"end":{"line":40,"column":null}},"type":"if","locations":[{"start":{"line":31,"column":2},"end":{"line":40,"column":null}},{"start":{},"end":{}}]},"3":{"loc":{"start":{"line":43,"column":2},"end":{"line":45,"column":null}},"type":"if","locations":[{"start":{"line":43,"column":2},"end":{"line":45,"column":null}},{"start":{},"end":{}}]}},"s":{"0":6,"1":1,"2":1,"3":1,"4":1,"5":6,"6":6,"7":6,"8":6,"9":2,"10":6,"11":4,"12":2},"f":{"0":6,"1":6},"b":{"0":[2,4],"1":[6,4],"2":[2,4],"3":[2,2]}}
,"D:\\final_project\\F1-Dashboard\\components\\admin\\Sidebar.tsx": {"path":"D:\\final_project\\F1-Dashboard\\components\\admin\\Sidebar.tsx","statementMap":{"0":{"start":{"line":31,"column":16},"end":{"line":31,"column":null}},"1":{"start":{"line":10,"column":39},"end":{"line":10,"column":null}},"2":{"start":{"line":11,"column":24},"end":{"line":11,"column":null}},"3":{"start":{"line":12,"column":96},"end":{"line":12,"column":null}},"4":{"start":{"line":13,"column":17},"end":{"line":13,"column":null}},"5":{"start":{"line":14,"column":36},"end":{"line":14,"column":null}},"6":{"start":{"line":22,"column":28},"end":{"line":29,"column":null}},"7":{"start":{"line":32,"column":19},"end":{"line":32,"column":null}},"8":{"start":{"line":33,"column":17},"end":{"line":33,"column":null}},"9":{"start":{"line":34,"column":27},"end":{"line":34,"column":null}},"10":{"start":{"line":35,"column":48},"end":{"line":35,"column":null}},"11":{"start":{"line":37,"column":23},"end":{"line":47,"column":null}},"12":{"start":{"line":38,"column":4},"end":{"line":38,"column":null}},"13":{"start":{"line":39,"column":4},"end":{"line":46,"column":null}},"14":{"start":{"line":40,"column":6},"end":{"line":40,"column":null}},"15":{"start":{"line":41,"column":6},"end":{"line":41,"column":null}},"16":{"start":{"line":43,"column":6},"end":{"line":43,"column":null}},"17":{"start":{"line":45,"column":6},"end":{"line":45,"column":null}},"18":{"start":{"line":79,"column":27},"end":{"line":79,"column":49}},"19":{"start":{"line":80,"column":23},"end":{"line":80,"column":32}},"20":{"start":{"line":82,"column":10},"end":{"line":84,"column":null}}},"fnMap":{"0":{"name":"Sidebar","decl":{"start":{"line":31,"column":16},"end":{"line":31,"column":null}},"loc":{"start":{"line":31,"column":16},"end":{"line":118,"column":null}}},"1":{"name":"(anonymous_3)","decl":{"start":{"line":37,"column":23},"end":{"line":37,"column":null}},"loc":{"start":{"line":37,"column":23},"end":{"line":47,"column":null}}},"2":{"name":"(anonymous_4)","decl":{"start":{"line":78,"column":22},"end":{"line":78,"column":23}},"loc":{"start":{"line":78,"column":23},"end":{"line":98,"column":null}}}},"branchMap":{"0":{"loc":{"start":{"line":67,"column":15},"end":{"line":67,"column":null}},"type":"binary-expr","locations":[{"start":{"line":67,"column":15},"end":{"line":67,"column":34}},{"start":{"line":67,"column":34},"end":{"line":67,"column":49}},{"start":{"line":67,"column":49},"end":{"line":67,"column":null}}]},"1":{"loc":{"start":{"line":88,"column":18},"end":{"line":90,"column":null}},"type":"cond-expr","locations":[{"start":{"line":89,"column":20},"end":{"line":89,"column":null}},{"start":{"line":90,"column":20},"end":{"line":90,"column":null}}]},"2":{"loc":{"start":{"line":113,"column":17},"end":{"line":113,"column":null}},"type":"cond-expr","locations":[{"start":{"line":113,"column":35},"end":{"line":113,"column":54}},{"start":{"line":113,"column":54},"end":{"line":113,"column":null}}]}},"s":{"0":8,"1":1,"2":1,"3":1,"4":1,"5":1,"6":1,"7":14,"8":14,"9":14,"10":14,"11":14,"12":3,"13":3,"14":3,"15":2,"16":1,"17":3,"18":84,"19":84,"20":84},"f":{"0":14,"1":3,"2":84},"b":{"0":[14,1,1],"1":[14,70],"2":[3,11]}}
,"D:\\final_project\\F1-Dashboard\\lib\\api\\client.ts": {"path":"D:\\final_project\\F1-Dashboard\\lib\\api\\client.ts","statementMap":{"0":{"start":{"line":196,"column":13},"end":{"line":196,"column":25}},"1":{"start":{"line":5,"column":92},"end":{"line":5,"column":null}},"2":{"start":{"line":6,"column":20},"end":{"line":6,"column":null}},"3":{"start":{"line":9,"column":16},"end":{"line":9,"column":null}},"4":{"start":{"line":10,"column":26},"end":{"line":10,"column":null}},"5":{"start":{"line":17,"column":4},"end":{"line":19,"column":null}},"6":{"start":{"line":18,"column":6},"end":{"line":18,"column":null}},"7":{"start":{"line":21,"column":4},"end":{"line":43,"column":null}},"8":{"start":{"line":29,"column":31},"end":{"line":29,"column":null}},"9":{"start":{"line":30,"column":10},"end":{"line":39,"column":null}},"10":{"start":{"line":31,"column":12},"end":{"line":38,"column":null}},"11":{"start":{"line":33,"column":14},"end":{"line":35,"column":null}},"12":{"start":{"line":34,"column":16},"end":{"line":34,"column":null}},"13":{"start":{"line":36,"column":19},"end":{"line":38,"column":null}},"14":{"start":{"line":37,"column":14},"end":{"line":37,"column":null}},"15":{"start":{"line":40,"column":10},"end":{"line":40,"column":null}},"16":{"start":{"line":46,"column":4},"end":{"line":54,"column":null}},"17":{"start":{"line":48,"column":22},"end":{"line":48,"column":null}},"18":{"start":{"line":49,"column":8},"end":{"line":51,"column":null}},"19":{"start":{"line":50,"column":10},"end":{"line":50,"column":null}},"20":{"start":{"line":52,"column":8},"end":{"line":52,"column":null}},"21":{"start":{"line":54,"column":29},"end":{"line":54,"column":null}},"22":{"start":{"line":58,"column":4},"end":{"line":96,"column":null}},"23":{"start":{"line":59,"column":35},"end":{"line":59,"column":null}},"24":{"start":{"line":62,"column":8},"end":{"line":64,"column":null}},"25":{"start":{"line":63,"column":10},"end":{"line":63,"column":null}},"26":{"start":{"line":66,"column":27},"end":{"line":66,"column":null}},"27":{"start":{"line":69,"column":8},"end":{"line":74,"column":null}},"28":{"start":{"line":70,"column":23},"end":{"line":70,"column":42}},"29":{"start":{"line":71,"column":10},"end":{"line":71,"column":null}},"30":{"start":{"line":72,"column":15},"end":{"line":74,"column":null}},"31":{"start":{"line":73,"column":10},"end":{"line":73,"column":null}},"32":{"start":{"line":77,"column":8},"end":{"line":79,"column":null}},"33":{"start":{"line":78,"column":10},"end":{"line":78,"column":null}},"34":{"start":{"line":81,"column":35},"end":{"line":84,"column":null}},"35":{"start":{"line":87,"column":8},"end":{"line":93,"column":null}},"36":{"start":{"line":88,"column":10},"end":{"line":88,"column":null}},"37":{"start":{"line":90,"column":10},"end":{"line":92,"column":null}},"38":{"start":{"line":91,"column":12},"end":{"line":91,"column":null}},"39":{"start":{"line":95,"column":8},"end":{"line":95,"column":null}},"40":{"start":{"line":104,"column":4},"end":{"line":108,"column":null}},"41":{"start":{"line":115,"column":4},"end":{"line":115,"column":null}},"42":{"start":{"line":122,"column":4},"end":{"line":122,"column":null}},"43":{"start":{"line":129,"column":4},"end":{"line":129,"column":null}},"44":{"start":{"line":136,"column":21},"end":{"line":136,"column":null}},"45":{"start":{"line":137,"column":4},"end":{"line":137,"column":null}},"46":{"start":{"line":144,"column":21},"end":{"line":144,"column":null}},"47":{"start":{"line":145,"column":4},"end":{"line":145,"column":null}},"48":{"start":{"line":152,"column":21},"end":{"line":152,"column":null}},"49":{"start":{"line":153,"column":4},"end":{"line":153,"column":null}},"50":{"start":{"line":160,"column":21},"end":{"line":160,"column":null}},"51":{"start":{"line":161,"column":4},"end":{"line":161,"column":null}},"52":{"start":{"line":170,"column":19},"end":{"line":170,"column":null}},"53":{"start":{"line":171,"column":4},"end":{"line":179,"column":null}},"54":{"start":{"line":172,"column":6},"end":{"line":174,"column":null}},"55":{"start":{"line":173,"column":8},"end":{"line":173,"column":null}},"56":{"start":{"line":176,"column":6},"end":{"line":178,"column":null}},"57":{"start":{"line":177,"column":8},"end":{"line":177,"column":null}},"58":{"start":{"line":182,"column":4},"end":{"line":184,"column":null}},"59":{"start":{"line":183,"column":6},"end":{"line":183,"column":null}},"60":{"start":{"line":186,"column":21},"end":{"line":190,"column":null}},"61":{"start":{"line":191,"column":4},"end":{"line":191,"column":null}},"62":{"start":{"line":196,"column":25},"end":{"line":196,"column":null}}},"fnMap":{"0":{"name":"(anonymous_2)","decl":{"start":{"line":15,"column":2},"end":{"line":15,"column":16}},"loc":{"start":{"line":15,"column":16},"end":{"line":98,"column":null}}},"1":{"name":"(anonymous_3)","decl":{"start":{"line":27,"column":19},"end":{"line":27,"column":20}},"loc":{"start":{"line":27,"column":20},"end":{"line":41,"column":null}}},"2":{"name":"(anonymous_4)","decl":{"start":{"line":30,"column":41},"end":{"line":30,"column":42}},"loc":{"start":{"line":30,"column":54},"end":{"line":39,"column":null}}},"3":{"name":"(anonymous_5)","decl":{"start":{"line":33,"column":28},"end":{"line":33,"column":29}},"loc":{"start":{"line":33,"column":29},"end":{"line":35,"column":null}}},"4":{"name":"(anonymous_6)","decl":{"start":{"line":47,"column":6},"end":{"line":47,"column":7}},"loc":{"start":{"line":47,"column":7},"end":{"line":53,"column":null}}},"5":{"name":"(anonymous_7)","decl":{"start":{"line":54,"column":6},"end":{"line":54,"column":7}},"loc":{"start":{"line":54,"column":29},"end":{"line":54,"column":null}}},"6":{"name":"(anonymous_8)","decl":{"start":{"line":59,"column":6},"end":{"line":59,"column":7}},"loc":{"start":{"line":59,"column":35},"end":{"line":59,"column":null}}},"7":{"name":"(anonymous_9)","decl":{"start":{"line":60,"column":6},"end":{"line":60,"column":7}},"loc":{"start":{"line":60,"column":7},"end":{"line":96,"column":null}}},"8":{"name":"(anonymous_10)","decl":{"start":{"line":103,"column":2},"end":{"line":103,"column":11}},"loc":{"start":{"line":103,"column":32},"end":{"line":109,"column":null}}},"9":{"name":"(anonymous_11)","decl":{"start":{"line":114,"column":2},"end":{"line":114,"column":33}},"loc":{"start":{"line":114,"column":33},"end":{"line":116,"column":null}}},"10":{"name":"(anonymous_12)","decl":{"start":{"line":121,"column":2},"end":{"line":121,"column":21}},"loc":{"start":{"line":121,"column":21},"end":{"line":123,"column":null}}},"11":{"name":"(anonymous_13)","decl":{"start":{"line":128,"column":2},"end":{"line":128,"column":29}},"loc":{"start":{"line":128,"column":29},"end":{"line":130,"column":null}}},"12":{"name":"(anonymous_14)","decl":{"start":{"line":135,"column":2},"end":{"line":135,"column":8}},"loc":{"start":{"line":135,"column":74},"end":{"line":138,"column":null}}},"13":{"name":"(anonymous_15)","decl":{"start":{"line":143,"column":2},"end":{"line":143,"column":8}},"loc":{"start":{"line":143,"column":57},"end":{"line":146,"column":null}}},"14":{"name":"(anonymous_16)","decl":{"start":{"line":151,"column":2},"end":{"line":151,"column":8}},"loc":{"start":{"line":151,"column":56},"end":{"line":154,"column":null}}},"15":{"name":"(anonymous_17)","decl":{"start":{"line":159,"column":2},"end":{"line":159,"column":8}},"loc":{"start":{"line":159,"column":43},"end":{"line":162,"column":null}}},"16":{"name":"(anonymous_18)","decl":{"start":{"line":168,"column":2},"end":{"line":168,"column":8}},"loc":{"start":{"line":168,"column":86},"end":{"line":192,"column":null}}},"17":{"name":"(anonymous_19)","decl":{"start":{"line":172,"column":41},"end":{"line":172,"column":42}},"loc":{"start":{"line":172,"column":54},"end":{"line":174,"column":null}}}},"branchMap":{"0":{"loc":{"start":{"line":9,"column":16},"end":{"line":9,"column":null}},"type":"binary-expr","locations":[{"start":{"line":9,"column":16},"end":{"line":9,"column":47}},{"start":{"line":9,"column":51},"end":{"line":9,"column":null}}]},"1":{"loc":{"start":{"line":17,"column":4},"end":{"line":19,"column":null}},"type":"if","locations":[{"start":{"line":17,"column":4},"end":{"line":19,"column":null}},{"start":{},"end":{}}]},"2":{"loc":{"start":{"line":17,"column":8},"end":{"line":17,"column":81}},"type":"binary-expr","locations":[{"start":{"line":17,"column":8},"end":{"line":17,"column":41}},{"start":{"line":17,"column":41},"end":{"line":17,"column":81}}]},"3":{"loc":{"start":{"line":31,"column":12},"end":{"line":38,"column":null}},"type":"if","locations":[{"start":{"line":31,"column":12},"end":{"line":38,"column":null}},{"start":{"line":36,"column":19},"end":{"line":38,"column":null}}]},"4":{"loc":{"start":{"line":36,"column":19},"end":{"line":38,"column":null}},"type":"if","locations":[{"start":{"line":36,"column":19},"end":{"line":38,"column":null}},{"start":{},"end":{}}]},"5":{"loc":{"start":{"line":36,"column":23},"end":{"line":36,"column":62}},"type":"binary-expr","locations":[{"start":{"line":36,"column":23},"end":{"line":36,"column":46}},{"start":{"line":36,"column":46},"end":{"line":36,"column":62}}]},"6":{"loc":{"start":{"line":49,"column":8},"end":{"line":51,"column":null}},"type":"if","locations":[{"start":{"line":49,"column":8},"end":{"line":51,"column":null}},{"start":{},"end":{}}]},"7":{"loc":{"start":{"line":49,"column":12},"end":{"line":49,"column":35}},"type":"binary-expr","locations":[{"start":{"line":49,"column":12},"end":{"line":49,"column":21}},{"start":{"line":49,"column":21},"end":{"line":49,"column":35}}]},"8":{"loc":{"start":{"line":62,"column":8},"end":{"line":64,"column":null}},"type":"if","locations":[{"start":{"line":62,"column":8},"end":{"line":64,"column":null}},{"start":{},"end":{}}]},"9":{"loc":{"start":{"line":62,"column":12},"end":{"line":62,"column":85}},"type":"binary-expr","locations":[{"start":{"line":62,"column":12},"end":{"line":62,"column":45}},{"start":{"line":62,"column":45},"end":{"line":62,"column":85}}]},"10":{"loc":{"start":{"line":69,"column":8},"end":{"line":74,"column":null}},"type":"if","locations":[{"start":{"line":69,"column":8},"end":{"line":74,"column":null}},{"start":{"line":72,"column":15},"end":{"line":74,"column":null}}]},"11":{"loc":{"start":{"line":71,"column":25},"end":{"line":71,"column":null}},"type":"binary-expr","locations":[{"start":{"line":71,"column":25},"end":{"line":71,"column":36}},{"start":{"line":71,"column":40},"end":{"line":71,"column":52}},{"start":{"line":71,"column":56},"end":{"line":71,"column":69}},{"start":{"line":71,"column":73},"end":{"line":71,"column":null}}]},"12":{"loc":{"start":{"line":72,"column":15},"end":{"line":74,"column":null}},"type":"if","locations":[{"start":{"line":72,"column":15},"end":{"line":74,"column":null}},{"start":{},"end":{}}]},"13":{"loc":{"start":{"line":77,"column":8},"end":{"line":79,"column":null}},"type":"if","locations":[{"start":{"line":77,"column":8},"end":{"line":79,"column":null}},{"start":{},"end":{}}]},"14":{"loc":{"start":{"line":77,"column":12},"end":{"line":77,"column":59}},"type":"binary-expr","locations":[{"start":{"line":77,"column":12},"end":{"line":77,"column":44}},{"start":{"line":77,"column":44},"end":{"line":77,"column":59}}]},"15":{"loc":{"start":{"line":87,"column":8},"end":{"line":93,"column":null}},"type":"if","locations":[{"start":{"line":87,"column":8},"end":{"line":93,"column":null}},{"start":{},"end":{}}]},"16":{"loc":{"start":{"line":87,"column":12},"end":{"line":87,"column":77}},"type":"binary-expr","locations":[{"start":{"line":87,"column":12},"end":{"line":87,"column":46}},{"start":{"line":87,"column":46},"end":{"line":87,"column":77}}]},"17":{"loc":{"start":{"line":90,"column":10},"end":{"line":92,"column":null}},"type":"if","locations":[{"start":{"line":90,"column":10},"end":{"line":92,"column":null}},{"start":{},"end":{}}]},"18":{"loc":{"start":{"line":171,"column":4},"end":{"line":179,"column":null}},"type":"if","locations":[{"start":{"line":171,"column":4},"end":{"line":179,"column":null}},{"start":{"line":175,"column":11},"end":{"line":179,"column":null}}]},"19":{"loc":{"start":{"line":182,"column":4},"end":{"line":184,"column":null}},"type":"if","locations":[{"start":{"line":182,"column":4},"end":{"line":184,"column":null}},{"start":{},"end":{}}]},"20":{"loc":{"start":{"line":182,"column":8},"end":{"line":182,"column":81}},"type":"binary-expr","locations":[{"start":{"line":182,"column":8},"end":{"line":182,"column":41}},{"start":{"line":182,"column":41},"end":{"line":182,"column":81}}]}},"s":{"0":31,"1":35,"2":35,"3":35,"4":35,"5":35,"6":3,"7":35,"8":1,"9":1,"10":5,"11":1,"12":3,"13":4,"14":2,"15":1,"16":35,"17":3,"18":3,"19":1,"20":3,"21":1,"22":35,"23":1,"24":9,"25":1,"26":9,"27":9,"28":6,"29":6,"30":3,"31":3,"32":9,"33":2,"34":9,"35":9,"36":2,"37":2,"38":1,"39":9,"40":1,"41":3,"42":1,"43":2,"44":1,"45":1,"46":1,"47":1,"48":1,"49":1,"50":1,"51":1,"52":3,"53":3,"54":1,"55":2,"56":2,"57":4,"58":3,"59":1,"60":3,"61":3,"62":35},"f":{"0":35,"1":1,"2":5,"3":3,"4":3,"5":1,"6":1,"7":9,"8":1,"9":3,"10":1,"11":2,"12":1,"13":1,"14":1,"15":1,"16":3,"17":2},"b":{"0":[35,0],"1":[3,32],"2":[35,35],"3":[1,4],"4":[2,2],"5":[4,3],"6":[1,2],"7":[3,2],"8":[1,8],"9":[9,9],"10":[6,3],"11":[6,2,1,0],"12":[3,0],"13":[2,7],"14":[9,8],"15":[2,7],"16":[9,2],"17":[1,1],"18":[1,2],"19":[1,2],"20":[3,3]}}
,"D:\\final_project\\F1-Dashboard\\lib\\hooks\\useAuth.tsx": {"path":"D:\\final_project\\F1-Dashboard\\lib\\hooks\\useAuth.tsx","statementMap":{"0":{"start":{"line":27,"column":16},"end":{"line":27,"column":28}},"1":{"start":{"line":70,"column":16},"end":{"line":70,"column":23}},"2":{"start":{"line":8,"column":74},"end":{"line":8,"column":null}},"3":{"start":{"line":9,"column":26},"end":{"line":9,"column":null}},"4":{"start":{"line":10,"column":52},"end":{"line":10,"column":null}},"5":{"start":{"line":21,"column":20},"end":{"line":21,"column":null}},"6":{"start":{"line":28,"column":28},"end":{"line":28,"column":null}},"7":{"start":{"line":31,"column":19},"end":{"line":31,"column":null}},"8":{"start":{"line":34,"column":54},"end":{"line":34,"column":null}},"9":{"start":{"line":36,"column":24},"end":{"line":36,"column":null}},"10":{"start":{"line":37,"column":25},"end":{"line":37,"column":null}},"11":{"start":{"line":39,"column":16},"end":{"line":47,"column":null}},"12":{"start":{"line":40,"column":4},"end":{"line":40,"column":null}},"13":{"start":{"line":41,"column":4},"end":{"line":46,"column":null}},"14":{"start":{"line":42,"column":6},"end":{"line":42,"column":null}},"15":{"start":{"line":44,"column":6},"end":{"line":44,"column":null}},"16":{"start":{"line":45,"column":6},"end":{"line":45,"column":null}},"17":{"start":{"line":49,"column":17},"end":{"line":56,"column":null}},"18":{"start":{"line":50,"column":4},"end":{"line":55,"column":null}},"19":{"start":{"line":51,"column":6},"end":{"line":51,"column":null}},"20":{"start":{"line":54,"column":6},"end":{"line":54,"column":null}},"21":{"start":{"line":58,"column":33},"end":{"line":65,"column":null}},"22":{"start":{"line":71,"column":18},"end":{"line":71,"column":null}},"23":{"start":{"line":72,"column":2},"end":{"line":74,"column":null}},"24":{"start":{"line":73,"column":4},"end":{"line":73,"column":null}},"25":{"start":{"line":75,"column":2},"end":{"line":75,"column":null}}},"fnMap":{"0":{"name":"AuthProvider","decl":{"start":{"line":27,"column":16},"end":{"line":27,"column":28}},"loc":{"start":{"line":27,"column":60},"end":{"line":68,"column":null}}},"1":{"name":"(anonymous_4)","decl":{"start":{"line":39,"column":16},"end":{"line":39,"column":23}},"loc":{"start":{"line":39,"column":38},"end":{"line":47,"column":null}}},"2":{"name":"(anonymous_5)","decl":{"start":{"line":49,"column":17},"end":{"line":49,"column":null}},"loc":{"start":{"line":49,"column":17},"end":{"line":56,"column":null}}},"3":{"name":"useAuth","decl":{"start":{"line":70,"column":16},"end":{"line":70,"column":23}},"loc":{"start":{"line":70,"column":16},"end":{"line":76,"column":null}}}},"branchMap":{"0":{"loc":{"start":{"line":44,"column":15},"end":{"line":44,"column":null}},"type":"binary-expr","locations":[{"start":{"line":44,"column":15},"end":{"line":44,"column":26}},{"start":{"line":44,"column":30},"end":{"line":44,"column":null}}]},"1":{"loc":{"start":{"line":59,"column":21},"end":{"line":59,"column":null}},"type":"binary-expr","locations":[{"start":{"line":59,"column":21},"end":{"line":59,"column":33}},{"start":{"line":59,"column":33},"end":{"line":59,"column":null}}]},"2":{"loc":{"start":{"line":61,"column":10},"end":{"line":61,"column":null}},"type":"binary-expr","locations":[{"start":{"line":61,"column":10},"end":{"line":61,"column":18}},{"start":{"line":61,"column":18},"end":{"line":61,"column":null}}]},"3":{"loc":{"start":{"line":72,"column":2},"end":{"line":74,"column":null}},"type":"if","locations":[{"start":{"line":72,"column":2},"end":{"line":74,"column":null}},{"start":{},"end":{}}]}},"s":{"0":10,"1":16,"2":3,"3":3,"4":3,"5":3,"6":10,"7":10,"8":10,"9":10,"10":10,"11":10,"12":2,"13":2,"14":2,"15":1,"16":1,"17":10,"18":2,"19":2,"20":1,"21":10,"22":14,"23":13,"24":4,"25":9},"f":{"0":10,"1":2,"2":2,"3":14},"b":{"0":[1,0],"1":[10,9],"2":[10,2],"3":[4,9]}}
}
