TN:
SF:components\admin\DataTable.tsx
FN:29,DataTable
FN:40,(anonymous_2)
FN:41,(anonymous_3)
FN:52,(anonymous_4)
FN:95,(anonymous_5)
FN:103,(anonymous_6)
FN:120,(anonymous_7)
FN:127,(anonymous_8)
FN:129,(anonymous_9)
FNF:9
FNH:9
FNDA:14,DataTable
FNDA:5,(anonymous_2)
FNDA:6,(anonymous_3)
FNDA:32,(anonymous_4)
FNDA:22,(anonymous_5)
FNDA:6,(anonymous_6)
FNDA:36,(anonymous_7)
FNDA:1,(anonymous_8)
FNDA:66,(anonymous_9)
DA:9,1
DA:10,1
DA:29,9
DA:37,14
DA:38,14
DA:40,14
DA:41,6
DA:42,5
DA:44,5
DA:45,1
DA:47,4
DA:48,4
DA:52,14
DA:53,32
DA:55,18
DA:56,18
DA:58,18
DA:59,18
DA:61,18
DA:62,18
DA:63,13
DA:64,5
DA:65,3
DA:67,2
DA:70,18
DA:73,14
DA:81,13
DA:96,22
DA:103,6
DA:121,36
DA:127,1
DA:130,66
LF:32
LH:32
BRDA:34,0,0,13
BRDA:35,1,0,13
BRDA:42,2,0,0
BRDA:42,2,1,5
BRDA:44,3,0,1
BRDA:44,3,1,4
BRDA:45,4,0,1
BRDA:45,4,1,0
BRDA:53,5,0,14
BRDA:53,5,1,18
BRDA:58,6,0,0
BRDA:58,6,1,18
BRDA:58,7,0,18
BRDA:58,7,1,18
BRDA:59,8,0,0
BRDA:59,8,1,18
BRDA:62,9,0,13
BRDA:62,9,1,5
BRDA:62,10,0,18
BRDA:62,10,1,14
BRDA:64,11,0,3
BRDA:64,11,1,2
BRDA:64,12,0,5
BRDA:64,12,1,4
BRDA:70,13,0,14
BRDA:70,13,1,4
BRDA:73,14,0,1
BRDA:73,14,1,13
BRDA:81,15,0,1
BRDA:81,15,1,12
BRDA:100,16,0,21
BRDA:100,16,1,1
BRDA:101,17,0,22
BRDA:101,17,1,22
BRDA:103,18,0,6
BRDA:103,18,1,5
BRDA:107,19,0,22
BRDA:107,19,1,21
BRDA:107,19,2,5
BRDA:108,20,0,4
BRDA:108,20,1,1
BRDA:124,21,0,3
BRDA:124,21,1,33
BRDA:132,22,0,66
BRDA:132,22,1,66
BRDA:134,23,0,0
BRDA:134,23,1,66
BRDA:134,24,0,66
BRDA:134,24,1,0
BRF:49
BRH:43
end_of_record
TN:
SF:components\admin\DeleteConfirmModal.tsx
FN:21,DeleteConfirmModal
FNF:1
FNH:1
FNDA:8,DeleteConfirmModal
DA:9,1
DA:21,8
DA:30,8
LF:3
LH:3
BRDA:28,0,0,6
BRDA:30,1,0,1
BRDA:30,1,1,7
BRDA:52,2,0,7
BRDA:84,3,0,1
BRDA:84,3,1,6
BRF:6
BRH:6
end_of_record
TN:
SF:components\admin\ProtectedRoute.tsx
FN:19,ProtectedRoute
FN:23,(anonymous_2)
FNF:2
FNH:2
FNDA:6,ProtectedRoute
FNDA:6,(anonymous_2)
DA:10,1
DA:11,1
DA:12,1
DA:13,1
DA:19,6
DA:20,6
DA:21,6
DA:23,6
DA:25,6
DA:26,2
DA:31,6
DA:43,4
DA:44,2
LF:13
LH:13
BRDA:25,0,0,2
BRDA:25,0,1,4
BRDA:25,1,0,6
BRDA:25,1,1,4
BRDA:31,2,0,2
BRDA:31,2,1,4
BRDA:43,3,0,2
BRDA:43,3,1,2
BRF:8
BRH:8
end_of_record
TN:
SF:components\admin\Sidebar.tsx
FN:31,Sidebar
FN:37,(anonymous_3)
FN:78,(anonymous_4)
FNF:3
FNH:3
FNDA:14,Sidebar
FNDA:3,(anonymous_3)
FNDA:84,(anonymous_4)
DA:10,1
DA:11,1
DA:12,1
DA:13,1
DA:14,1
DA:22,1
DA:31,8
DA:32,14
DA:33,14
DA:34,14
DA:35,14
DA:37,14
DA:38,3
DA:39,3
DA:40,3
DA:41,2
DA:43,1
DA:45,3
DA:79,84
DA:80,84
DA:82,84
LF:21
LH:21
BRDA:67,0,0,14
BRDA:67,0,1,1
BRDA:67,0,2,1
BRDA:88,1,0,14
BRDA:88,1,1,70
BRDA:113,2,0,3
BRDA:113,2,1,11
BRF:7
BRH:7
end_of_record
TN:
SF:lib\api\client.ts
FN:15,(anonymous_2)
FN:27,(anonymous_3)
FN:30,(anonymous_4)
FN:33,(anonymous_5)
FN:47,(anonymous_6)
FN:54,(anonymous_7)
FN:59,(anonymous_8)
FN:60,(anonymous_9)
FN:103,(anonymous_10)
FN:114,(anonymous_11)
FN:121,(anonymous_12)
FN:128,(anonymous_13)
FN:135,(anonymous_14)
FN:143,(anonymous_15)
FN:151,(anonymous_16)
FN:159,(anonymous_17)
FN:168,(anonymous_18)
FN:172,(anonymous_19)
FNF:18
FNH:18
FNDA:35,(anonymous_2)
FNDA:1,(anonymous_3)
FNDA:5,(anonymous_4)
FNDA:3,(anonymous_5)
FNDA:3,(anonymous_6)
FNDA:1,(anonymous_7)
FNDA:1,(anonymous_8)
FNDA:9,(anonymous_9)
FNDA:1,(anonymous_10)
FNDA:3,(anonymous_11)
FNDA:1,(anonymous_12)
FNDA:2,(anonymous_13)
FNDA:1,(anonymous_14)
FNDA:1,(anonymous_15)
FNDA:1,(anonymous_16)
FNDA:1,(anonymous_17)
FNDA:3,(anonymous_18)
FNDA:2,(anonymous_19)
DA:5,35
DA:6,35
DA:9,35
DA:10,35
DA:17,35
DA:18,3
DA:21,35
DA:29,1
DA:30,1
DA:31,5
DA:33,1
DA:34,3
DA:36,4
DA:37,2
DA:40,1
DA:46,35
DA:48,3
DA:49,3
DA:50,1
DA:52,3
DA:54,1
DA:58,35
DA:59,1
DA:62,9
DA:63,1
DA:66,9
DA:69,9
DA:70,6
DA:71,6
DA:72,3
DA:73,3
DA:77,9
DA:78,2
DA:81,9
DA:87,9
DA:88,2
DA:90,2
DA:91,1
DA:95,9
DA:104,1
DA:115,3
DA:122,1
DA:129,2
DA:136,1
DA:137,1
DA:144,1
DA:145,1
DA:152,1
DA:153,1
DA:160,1
DA:161,1
DA:170,3
DA:171,3
DA:172,1
DA:173,2
DA:176,2
DA:177,4
DA:182,3
DA:183,1
DA:186,3
DA:191,3
DA:196,35
LF:62
LH:62
BRDA:9,0,0,35
BRDA:9,0,1,0
BRDA:17,1,0,3
BRDA:17,1,1,32
BRDA:17,2,0,35
BRDA:17,2,1,35
BRDA:31,3,0,1
BRDA:31,3,1,4
BRDA:36,4,0,2
BRDA:36,4,1,2
BRDA:36,5,0,4
BRDA:36,5,1,3
BRDA:49,6,0,1
BRDA:49,6,1,2
BRDA:49,7,0,3
BRDA:49,7,1,2
BRDA:62,8,0,1
BRDA:62,8,1,8
BRDA:62,9,0,9
BRDA:62,9,1,9
BRDA:69,10,0,6
BRDA:69,10,1,3
BRDA:71,11,0,6
BRDA:71,11,1,2
BRDA:71,11,2,1
BRDA:71,11,3,0
BRDA:72,12,0,3
BRDA:72,12,1,0
BRDA:77,13,0,2
BRDA:77,13,1,7
BRDA:77,14,0,9
BRDA:77,14,1,8
BRDA:87,15,0,2
BRDA:87,15,1,7
BRDA:87,16,0,9
BRDA:87,16,1,2
BRDA:90,17,0,1
BRDA:90,17,1,1
BRDA:171,18,0,1
BRDA:171,18,1,2
BRDA:182,19,0,1
BRDA:182,19,1,2
BRDA:182,20,0,3
BRDA:182,20,1,3
BRF:44
BRH:41
end_of_record
TN:
SF:lib\hooks\useAuth.tsx
FN:27,AuthProvider
FN:39,(anonymous_4)
FN:49,(anonymous_5)
FN:70,useAuth
FNF:4
FNH:4
FNDA:10,AuthProvider
FNDA:2,(anonymous_4)
FNDA:2,(anonymous_5)
FNDA:14,useAuth
DA:8,3
DA:9,3
DA:10,3
DA:21,3
DA:27,10
DA:28,10
DA:31,10
DA:34,10
DA:36,10
DA:37,10
DA:39,10
DA:40,2
DA:41,2
DA:42,2
DA:44,1
DA:45,1
DA:49,10
DA:50,2
DA:51,2
DA:54,1
DA:58,10
DA:70,16
DA:71,14
DA:72,13
DA:73,4
DA:75,9
LF:26
LH:26
BRDA:44,0,0,1
BRDA:44,0,1,0
BRDA:59,1,0,10
BRDA:59,1,1,9
BRDA:61,2,0,10
BRDA:61,2,1,2
BRDA:72,3,0,4
BRDA:72,3,1,9
BRF:8
BRH:7
end_of_record
